<?xml version="1.0" encoding="UTF-8"?>
<testsuite name="models.HeroTest" tests="1" skipped="0" failures="0" errors="0" timestamp="2020-09-14T07:30:28" hostname="moringa-ThinkPad-X260" time="0.002">
  <properties/>
  <testcase name="newHero_InstantiateCorrectly_true" classname="models.HeroTest" time="0.002"/>
  <system-out><![CDATA[]]></system-out>
  <system-err><![CDATA[]]></system-err>
</testsuite>
